Running tests ...
[1A[KRunning 30 tests in 1 runtime ...
[1A[K[1m[32m30 tests, 76 assertions, 1 runtime ... OK[0m
------------------------|-----------|-----------|-----------|-----------|
File                    |   % Stmts |% Branches |   % Funcs |   % Lines |
------------------------|-----------|-----------|-----------|-----------|
   lib/                 |       100 |       100 |       100 |       100 |
      sapi.js           |       100 |       100 |       100 |       100 |
   lib/endpoint/        |       100 |       100 |       100 |       100 |
      getbylistingid.js |       100 |       100 |       100 |       100 |
      metadata.js       |       100 |       100 |       100 |       100 |
      report.js         |       100 |       100 |       100 |       100 |
      search.js         |       100 |       100 |       100 |       100 |
------------------------|-----------|-----------|-----------|-----------|
All files               |       100 |       100 |       100 |       100 |
------------------------|-----------|-----------|-----------|-----------|


=============================== Coverage summary ===============================
Statements   : 100% ( 67/67 )
Branches     : 100% ( 6/6 )
Functions    : 100% ( 19/19 )
Lines        : 100% ( 67/67 )
================================================================================
